<?xml version="1.0" encoding="UTF-8"?>
<!-- Generated by org.testng.reporters.JUnitXMLReporter -->
<testsuite hostname="Mouneesh-PC" ignored="0" name="CreateLead Test Automation Page Object Model Test Cases" tests="2" failures="0" timestamp="2019-11-09T22:45:19 IST" time="51.635" errors="0">
  <testcase name="runCreateLeadTestCases" time="18.467" classname="org.testleaf.qa.testcases.CreateLeadTestCases"/>
  <testcase name="runCreateLeadTestCases" time="13.083" classname="org.testleaf.qa.testcases.CreateLeadTestCases"/>
</testsuite> <!-- CreateLead Test Automation Page Object Model Test Cases -->
