<?xml version="1.0" encoding="UTF-8"?>
<!-- Generated by org.testng.reporters.JUnitXMLReporter -->
<testsuite hostname="Mouneesh-PC" ignored="0" name="CreateLead Test Automation Page Object Model Cucumber Test Cases" tests="1" failures="0" timestamp="2019-11-16T23:18:29 IST" time="31.236" errors="0">
  <testcase name="runScenario" time="19.486" classname="cucumber.api.testng.AbstractTestNGCucumberTests"/>
</testsuite> <!-- CreateLead Test Automation Page Object Model Cucumber Test Cases -->
